La génération a démarré 19/01/2016 13:27:44.
     1>Projet "C:\Users\jipay\documents\visual studio 2013\Projects\RunnerNextGen\RunnerNextGen\RunnerNextGen.vcxproj" sur le nœud 2 (Build cible(s)).
     1>ClCompile:
         C:\Program Files (x86)\Microsoft Visual Studio 12.0\VC\bin\CL.exe /c /I"C:\Program Files (x86)\Microsoft Visual Studio 12.0\SFML-2.3\include" /ZI /nologo /W2 /WX- /sdl /Od /Oy- /D _MBCS /Gm /EHsc /RTC1 /MDd /GS /fp:precise /Zc:wchar_t /Zc:forScope /Fo"Debug\\" /Fd"Debug\vc120.pdb" /Gd /TP /analyze- /errorReport:prompt DatTileMap.cpp
         DatTileMap.cpp
     1>c:\users\jipay\documents\visual studio 2013\projects\runnernextgen\runnernextgen\dattilemap.cpp(44): warning C4244: 'argument' : conversion de 'unsigned int' en 'float', perte possible de données
     1>c:\users\jipay\documents\visual studio 2013\projects\runnernextgen\runnernextgen\dattilemap.cpp(45): warning C4244: 'argument' : conversion de 'unsigned int' en 'float', perte possible de données
     1>c:\users\jipay\documents\visual studio 2013\projects\runnernextgen\runnernextgen\dattilemap.cpp(46): warning C4244: 'argument' : conversion de 'unsigned int' en 'float', perte possible de données
     1>c:\users\jipay\documents\visual studio 2013\projects\runnernextgen\runnernextgen\dattilemap.cpp(47): warning C4244: 'argument' : conversion de 'unsigned int' en 'float', perte possible de données
     1>c:\users\jipay\documents\visual studio 2013\projects\runnernextgen\runnernextgen\dattilemap.cpp(50): warning C4244: 'argument' : conversion de 'unsigned int' en 'float', perte possible de données
     1>c:\users\jipay\documents\visual studio 2013\projects\runnernextgen\runnernextgen\dattilemap.cpp(51): warning C4244: 'argument' : conversion de 'unsigned int' en 'float', perte possible de données
     1>c:\users\jipay\documents\visual studio 2013\projects\runnernextgen\runnernextgen\dattilemap.cpp(52): warning C4244: 'argument' : conversion de 'unsigned int' en 'float', perte possible de données
     1>c:\users\jipay\documents\visual studio 2013\projects\runnernextgen\runnernextgen\dattilemap.cpp(53): warning C4244: 'argument' : conversion de 'unsigned int' en 'float', perte possible de données
       Link:
         C:\Program Files (x86)\Microsoft Visual Studio 12.0\VC\bin\link.exe /ERRORREPORT:PROMPT /OUT:"C:\Users\jipay\documents\visual studio 2013\Projects\RunnerNextGen\Debug\RunnerNextGen.exe" /INCREMENTAL /NOLOGO /LIBPATH:"C:\Program Files (x86)\Microsoft Visual Studio 12.0\SFML-2.3\lib" "sfml-window-d.lib" "sfml-graphics-d.lib" "sfml-system-d.lib" kernel32.lib user32.lib gdi32.lib winspool.lib comdlg32.lib advapi32.lib shell32.lib ole32.lib oleaut32.lib uuid.lib odbc32.lib odbccp32.lib /MANIFEST /MANIFESTUAC:"level='asInvoker' uiAccess='false'" /manifest:embed /DEBUG /PDB:"C:\Users\jipay\documents\visual studio 2013\Projects\RunnerNextGen\Debug\RunnerNextGen.pdb" /TLBID:1 /DYNAMICBASE /NXCOMPAT /IMPLIB:"C:\Users\jipay\documents\visual studio 2013\Projects\RunnerNextGen\Debug\RunnerNextGen.lib" /MACHINE:X86 Debug\DatTileMap.obj
         Debug\DrawableObject.obj
         Debug\Main.obj
         Debug\TileMap.obj
         RunnerNextGen.vcxproj -> C:\Users\jipay\documents\visual studio 2013\Projects\RunnerNextGen\Debug\RunnerNextGen.exe
     1>Génération du projet "C:\Users\jipay\documents\visual studio 2013\Projects\RunnerNextGen\RunnerNextGen\RunnerNextGen.vcxproj" terminée (Build cible(s)).

La génération a réussi.

Temps écoulé 00:00:01.31
